#
# There is insufficient memory for the Java Runtime Environment to continue.
# Native memory allocation (malloc) failed to allocate 633440 bytes. Error detail: Chunk::new
# Possible reasons:
#   The system is out of physical RAM or swap space
#   This process is running with CompressedOops enabled, and the Java Heap may be blocking the growth of the native heap
# Possible solutions:
#   Reduce memory load on the system
#   Increase physical memory or swap space
#   Check if swap backing store is full
#   Decrease Java heap size (-Xmx/-Xms)
#   Decrease number of Java threads
#   Decrease Java thread stack sizes (-Xss)
#   Set larger code cache with -XX:ReservedCodeCacheSize=
#   JVM is running with Unscaled Compressed Oops mode in which the Java heap is
#     placed in the first 4GB address space. The Java Heap base address is the
#     maximum limit for the native heap growth. Please use -XX:HeapBaseMinAddress
#     to set the Java Heap base and to place the Java Heap above 4GB virtual address.
# This output file may be truncated or incomplete.
#
#  Out of Memory Error (arena.cpp:168), pid=21000, tid=23264
#
# JRE version: OpenJDK Runtime Environment Temurin-21.0.8+9 (21.0.8+9) (build 21.0.8+9-LTS)
# Java VM: OpenJDK 64-Bit Server VM Temurin-21.0.8+9 (21.0.8+9-LTS, mixed mode, sharing, tiered, compressed oops, compressed class ptrs, parallel gc, windows-amd64)
# No core dump will be written. Minidumps are not enabled by default on client versions of Windows
#

---------------  S U M M A R Y ------------

Command Line: --add-modules=ALL-SYSTEM --add-opens=java.base/java.util=ALL-UNNAMED --add-opens=java.base/java.lang=ALL-UNNAMED --add-opens=java.base/sun.nio.fs=ALL-UNNAMED -Declipse.application=org.eclipse.jdt.ls.core.id1 -Dosgi.bundles.defaultStartLevel=4 -Declipse.product=org.eclipse.jdt.ls.core.product -Djava.import.generatesMetadataFilesAtProjectRoot=false -DDetectVMInstallationsJob.disabled=true -Dfile.encoding=utf8 -XX:+UseParallelGC -XX:GCTimeRatio=4 -XX:AdaptiveSizePolicyWeight=90 -Dsun.zip.disableMemoryMapping=true -Xmx2G -Xms100m -Xlog:disable -javaagent:c:\Users\admin\.codebuddycn\extensions\redhat.java-1.47.0-win32-x64\lombok\lombok-1.18.39-4050.jar -XX:+HeapDumpOnOutOfMemoryError -XX:HeapDumpPath=c:\Users\admin\AppData\Roaming\CodeBuddy CN\User\workspaceStorage\2a374903c1fcc9d2189028a02cecf0e6\redhat.java -Daether.dependencyCollector.impl=bf c:\Users\admin\.codebuddycn\extensions\redhat.java-1.47.0-win32-x64\server\plugins\org.eclipse.equinox.launcher_1.7.100.v20251014-1222.jar -configuration c:\Users\admin\AppData\Roaming\CodeBuddy CN\User\globalStorage\redhat.java\1.47.0\config_win -data c:\Users\admin\AppData\Roaming\CodeBuddy CN\User\workspaceStorage\2a374903c1fcc9d2189028a02cecf0e6\redhat.java\jdt_ws --pipe=\\.\pipe\lsp-01493b9984115b0c442da805738a3f8f-sock

Host: 11th Gen Intel(R) Core(TM) i5-1145G7 @ 2.60GHz, 8 cores, 15G,  Windows 10 , 64 bit Build 19041 (10.0.19041.5915)
Time: Wed Nov 19 10:06:17 2025 elapsed time: 544.377812 seconds (0d 0h 9m 4s)

---------------  T H R E A D  ---------------

Current thread (0x000001df027d1050):  JavaThread "C2 CompilerThread0" daemon [_thread_in_native, id=23264, stack(0x000000c7d4a00000,0x000000c7d4b00000) (1024K)]


Current CompileTask:
C2:544377 8673   !   4       org.eclipse.core.internal.localstore.FileSystemResourceManager::getStore (32 bytes)

Stack: [0x000000c7d4a00000,0x000000c7d4b00000]
Native frames: (J=compiled Java code, j=interpreted, Vv=VM code, C=native code)
V  [jvm.dll+0x6d2449]
V  [jvm.dll+0x8ae341]
V  [jvm.dll+0x8b08be]
V  [jvm.dll+0x8b0fa3]
V  [jvm.dll+0x280c96]
V  [jvm.dll+0xc581d]
V  [jvm.dll+0xc5d53]
V  [jvm.dll+0x3b919c]
V  [jvm.dll+0x385315]
V  [jvm.dll+0x38477a]
V  [jvm.dll+0x248ed0]
V  [jvm.dll+0x2484af]
V  [jvm.dll+0x1c89ee]
V  [jvm.dll+0x257d4d]
V  [jvm.dll+0x2562ea]
V  [jvm.dll+0x3f2d16]
V  [jvm.dll+0x857e6b]
V  [jvm.dll+0x6d0b0d]
C  [ucrtbase.dll+0x21bb2]
C  [KERNEL32.DLL+0x17374]
C  [ntdll.dll+0x4cc91]


---------------  P R O C E S S  ---------------

Threads class SMR info:
_java_thread_list=0x000001df623f72e0, length=46, elements={
0x000001df001f1f30, 0x000001df028fe760, 0x000001df027c1770, 0x000001df027c7470,
0x000001df027cb290, 0x000001df027cca50, 0x000001df027cf5b0, 0x000001df027d1050,
0x000001df027d28b0, 0x000001df5bba8170, 0x000001df5be0d010, 0x000001df605349b0,
0x000001df604a65e0, 0x000001df60299880, 0x000001df6050f450, 0x000001df60f27790,
0x000001df60ade640, 0x000001df61085540, 0x000001df60f6c000, 0x000001df612a9180,
0x000001df612a9810, 0x000001df612a6a20, 0x000001df612a70b0, 0x000001df612a8460,
0x000001df62a84790, 0x000001df62a89ce0, 0x000001df62a854b0, 0x000001df62a861d0,
0x000001df62a87580, 0x000001df62a86860, 0x000001df62a86ef0, 0x000001df62a87c10,
0x000001df62a85b40, 0x000001df62a882a0, 0x000001df62a88fc0, 0x000001df62a83a70,
0x000001df612a7740, 0x000001df612a7dd0, 0x000001df612a8af0, 0x000001df62a8aa00,
0x000001df62a88930, 0x000001df62a89650, 0x000001df62a8b090, 0x000001df63020120,
0x000001df62a84100, 0x000001df612a9ea0
}

Java Threads: ( => current thread )
  0x000001df001f1f30 JavaThread "main"                              [_thread_blocked, id=32504, stack(0x000000c7d4000000,0x000000c7d4100000) (1024K)]
  0x000001df028fe760 JavaThread "Reference Handler"          daemon [_thread_blocked, id=31164, stack(0x000000c7d4400000,0x000000c7d4500000) (1024K)]
  0x000001df027c1770 JavaThread "Finalizer"                  daemon [_thread_blocked, id=27616, stack(0x000000c7d4500000,0x000000c7d4600000) (1024K)]
  0x000001df027c7470 JavaThread "Signal Dispatcher"          daemon [_thread_blocked, id=4020, stack(0x000000c7d4600000,0x000000c7d4700000) (1024K)]
  0x000001df027cb290 JavaThread "Attach Listener"            daemon [_thread_blocked, id=31100, stack(0x000000c7d4700000,0x000000c7d4800000) (1024K)]
  0x000001df027cca50 JavaThread "Service Thread"             daemon [_thread_blocked, id=30212, stack(0x000000c7d4800000,0x000000c7d4900000) (1024K)]
  0x000001df027cf5b0 JavaThread "Monitor Deflation Thread"   daemon [_thread_blocked, id=27520, stack(0x000000c7d4900000,0x000000c7d4a00000) (1024K)]
=>0x000001df027d1050 JavaThread "C2 CompilerThread0"         daemon [_thread_in_native, id=23264, stack(0x000000c7d4a00000,0x000000c7d4b00000) (1024K)]
  0x000001df027d28b0 JavaThread "C1 CompilerThread0"         daemon [_thread_blocked, id=28476, stack(0x000000c7d4b00000,0x000000c7d4c00000) (1024K)]
  0x000001df5bba8170 JavaThread "Common-Cleaner"             daemon [_thread_blocked, id=29396, stack(0x000000c7d4c00000,0x000000c7d4d00000) (1024K)]
  0x000001df5be0d010 JavaThread "Notification Thread"        daemon [_thread_blocked, id=4728, stack(0x000000c7d4d00000,0x000000c7d4e00000) (1024K)]
  0x000001df605349b0 JavaThread "Active Thread: Equinox Container: 1af1830e-98f9-4e4a-8e1d-62fa95f75b7d"        [_thread_blocked, id=3312, stack(0x000000c7d5600000,0x000000c7d5700000) (1024K)]
  0x000001df604a65e0 JavaThread "Refresh Thread: Equinox Container: 1af1830e-98f9-4e4a-8e1d-62fa95f75b7d" daemon [_thread_blocked, id=21640, stack(0x000000c7d5700000,0x000000c7d5800000) (1024K)]
  0x000001df60299880 JavaThread "Framework Event Dispatcher: Equinox Container: 1af1830e-98f9-4e4a-8e1d-62fa95f75b7d" daemon [_thread_blocked, id=8624, stack(0x000000c7d5900000,0x000000c7d5a00000) (1024K)]
  0x000001df6050f450 JavaThread "Start Level: Equinox Container: 1af1830e-98f9-4e4a-8e1d-62fa95f75b7d" daemon [_thread_blocked, id=17264, stack(0x000000c7d5a00000,0x000000c7d5b00000) (1024K)]
  0x000001df60f27790 JavaThread "Bundle File Closer"         daemon [_thread_blocked, id=25072, stack(0x000000c7d5b00000,0x000000c7d5c00000) (1024K)]
  0x000001df60ade640 JavaThread "SCR Component Actor"        daemon [_thread_blocked, id=20468, stack(0x000000c7d4f00000,0x000000c7d5000000) (1024K)]
  0x000001df61085540 JavaThread "Worker-JM"                         [_thread_blocked, id=148, stack(0x000000c7d5d00000,0x000000c7d5e00000) (1024K)]
  0x000001df60f6c000 JavaThread "JNA Cleaner"                daemon [_thread_blocked, id=26656, stack(0x000000c7d5e00000,0x000000c7d5f00000) (1024K)]
  0x000001df612a9180 JavaThread "Worker-0: Updating workspace"        [_thread_blocked, id=8604, stack(0x000000c7d5f00000,0x000000c7d6000000) (1024K)]
  0x000001df612a9810 JavaThread "Java indexing"              daemon [_thread_blocked, id=29200, stack(0x000000c7d5c00000,0x000000c7d5d00000) (1024K)]
  0x000001df612a6a20 JavaThread "Worker-3: Synchronize Gradle projects with workspace"        [_thread_in_Java, id=28364, stack(0x000000c7d6300000,0x000000c7d6400000) (1024K)]
  0x000001df612a70b0 JavaThread "Thread-1"                   daemon [_thread_in_native, id=28096, stack(0x000000c7d6800000,0x000000c7d6900000) (1024K)]
  0x000001df612a8460 JavaThread "Thread-2"                   daemon [_thread_in_native, id=29844, stack(0x000000c7d6900000,0x000000c7d6a00000) (1024K)]
  0x000001df62a84790 JavaThread "Thread-3"                   daemon [_thread_in_native, id=31272, stack(0x000000c7d6a00000,0x000000c7d6b00000) (1024K)]
  0x000001df62a89ce0 JavaThread "Thread-4"                   daemon [_thread_in_native, id=30960, stack(0x000000c7d6b00000,0x000000c7d6c00000) (1024K)]
  0x000001df62a854b0 JavaThread "Thread-5"                   daemon [_thread_in_native, id=29092, stack(0x000000c7d6c00000,0x000000c7d6d00000) (1024K)]
  0x000001df62a861d0 JavaThread "Thread-6"                   daemon [_thread_in_native, id=21864, stack(0x000000c7d6d00000,0x000000c7d6e00000) (1024K)]
  0x000001df62a87580 JavaThread "Thread-7"                   daemon [_thread_in_native, id=32512, stack(0x000000c7d6e00000,0x000000c7d6f00000) (1024K)]
  0x000001df62a86860 JavaThread "Thread-8"                   daemon [_thread_in_native, id=6668, stack(0x000000c7d6f00000,0x000000c7d7000000) (1024K)]
  0x000001df62a86ef0 JavaThread "Thread-9"                   daemon [_thread_in_native, id=29472, stack(0x000000c7d7000000,0x000000c7d7100000) (1024K)]
  0x000001df62a87c10 JavaThread "pool-2-thread-1"                   [_thread_blocked, id=7412, stack(0x000000c7d7100000,0x000000c7d7200000) (1024K)]
  0x000001df62a85b40 JavaThread "WorkspaceEventsHandler"            [_thread_blocked, id=17508, stack(0x000000c7d7200000,0x000000c7d7300000) (1024K)]
  0x000001df62a882a0 JavaThread "pool-1-thread-1"                   [_thread_blocked, id=5636, stack(0x000000c7d7300000,0x000000c7d7400000) (1024K)]
  0x000001df62a88fc0 JavaThread "Timer-0"                           [_thread_blocked, id=2440, stack(0x000000c7d7600000,0x000000c7d7700000) (1024K)]
  0x000001df62a83a70 JavaThread "Timer-1"                           [_thread_blocked, id=6512, stack(0x000000c7d3f00000,0x000000c7d4000000) (1024K)]
  0x000001df612a7740 JavaThread "Timer-2"                           [_thread_blocked, id=31676, stack(0x000000c7d3d00000,0x000000c7d3e00000) (1024K)]
  0x000001df612a7dd0 JavaThread "Timer-3"                           [_thread_blocked, id=33248, stack(0x000000c7d3e00000,0x000000c7d3f00000) (1024K)]
  0x000001df612a8af0 JavaThread "Timer-4"                           [_thread_blocked, id=33572, stack(0x000000c7d6100000,0x000000c7d6200000) (1024K)]
  0x000001df62a8aa00 JavaThread "Connection worker"                 [_thread_blocked, id=32412, stack(0x000000c7d6200000,0x000000c7d6300000) (1024K)]
  0x000001df62a88930 JavaThread "pool-4-thread-1"                   [_thread_blocked, id=14444, stack(0x000000c7d6400000,0x000000c7d6500000) (1024K)]
  0x000001df62a89650 JavaThread "Timer-5"                           [_thread_blocked, id=33008, stack(0x000000c7d4e00000,0x000000c7d4f00000) (1024K)]
  0x000001df62a8b090 JavaThread "Exec process"                      [_thread_in_native, id=27848, stack(0x000000c7d6500000,0x000000c7d6600000) (1024K)]
  0x000001df63020120 JavaThread "C2 CompilerThread1"         daemon [_thread_in_native, id=32984, stack(0x000000c7d6600000,0x000000c7d6700000) (1024K)]
  0x000001df62a84100 JavaThread "Exec process Thread 2"             [_thread_blocked, id=30280, stack(0x000000c7d7400000,0x000000c7d7500000) (1024K)]
  0x000001df612a9ea0 JavaThread "Worker-6"                          [_thread_blocked, id=15292, stack(0x000000c7d6700000,0x000000c7d6800000) (1024K)]
Total: 46

Other Threads:
  0x000001df027b2f20 VMThread "VM Thread"                           [id=32636, stack(0x000000c7d4300000,0x000000c7d4400000) (1024K)]
  0x000001df028bcb00 WatcherThread "VM Periodic Task Thread"        [id=24840, stack(0x000000c7d4200000,0x000000c7d4300000) (1024K)]
  0x000001df0286f0a0 WorkerThread "GC Thread#0"                     [id=29808, stack(0x000000c7d4100000,0x000000c7d4200000) (1024K)]
  0x000001df60770340 WorkerThread "GC Thread#1"                     [id=30948, stack(0x000000c7d5000000,0x000000c7d5100000) (1024K)]
  0x000001df6055a440 WorkerThread "GC Thread#2"                     [id=29024, stack(0x000000c7d5100000,0x000000c7d5200000) (1024K)]
  0x000001df606e14b0 WorkerThread "GC Thread#3"                     [id=28372, stack(0x000000c7d5200000,0x000000c7d5300000) (1024K)]
  0x000001df608274d0 WorkerThread "GC Thread#4"                     [id=29068, stack(0x000000c7d5300000,0x000000c7d5400000) (1024K)]
  0x000001df604fcf40 WorkerThread "GC Thread#5"                     [id=16360, stack(0x000000c7d5400000,0x000000c7d5500000) (1024K)]
  0x000001df606ecbc0 WorkerThread "GC Thread#6"                     [id=26872, stack(0x000000c7d5500000,0x000000c7d5600000) (1024K)]
  0x000001df606ecf60 WorkerThread "GC Thread#7"                     [id=9612, stack(0x000000c7d5800000,0x000000c7d5900000) (1024K)]
Total: 10

Threads with active compile tasks:
C2 CompilerThread0  544437 8673   !   4       org.eclipse.core.internal.localstore.FileSystemResourceManager::getStore (32 bytes)
C2 CompilerThread1  544437 8680       4       java.util.regex.Pattern$Branch::study (162 bytes)
Total: 2

VM state: not at safepoint (normal execution)

VM Mutex/Monitor currently owned by a thread: None

Heap address: 0x0000000080000000, size: 2048 MB, Compressed Oops mode: 32-bit

CDS archive(s) mapped at: [0x000001df1a000000-0x000001df1aba0000-0x000001df1aba0000), size 12189696, SharedBaseAddress: 0x000001df1a000000, ArchiveRelocationMode: 1.
Compressed class space mapped at: 0x000001df1b000000-0x000001df5b000000, reserved size: 1073741824
Narrow klass base: 0x000001df1a000000, Narrow klass shift: 0, Narrow klass range: 0x100000000

GC Precious Log:
 CardTable entry size: 512
 CPUs: 8 total, 8 available
 Memory: 16118M
 Large Page Support: Disabled
 NUMA Support: Disabled
 Compressed Oops: Enabled (32-bit)
 Alignments: Space 512K, Generation 512K, Heap 2M
 Heap Min Capacity: 100M
 Heap Initial Capacity: 100M
 Heap Max Capacity: 2G
 Pre-touch: Disabled
 Parallel Workers: 8

Heap:
 PSYoungGen      total 15360K, used 7866K [0x00000000d5580000, 0x00000000d6680000, 0x0000000100000000)
  eden space 14848K, 51% used [0x00000000d5580000,0x00000000d5d06bb0,0x00000000d6400000)
  from space 512K, 31% used [0x00000000d6600000,0x00000000d6628000,0x00000000d6680000)
  to   space 512K, 0% used [0x00000000d6580000,0x00000000d6580000,0x00000000d6600000)
 ParOldGen       total 68608K, used 55530K [0x0000000080000000, 0x0000000084300000, 0x00000000d5580000)
  object space 68608K, 80% used [0x0000000080000000,0x000000008363a9b8,0x0000000084300000)
 Metaspace       used 63325K, committed 64832K, reserved 1114112K
  class space    used 7436K, committed 8128K, reserved 1048576K

Card table byte_map: [0x000001df021e0000,0x000001df025f0000] _byte_map_base: 0x000001df01de0000

Marking Bits: (ParMarkBitMap*) 0x00007ff87899a340
 Begin Bits: [0x000001df14ce0000, 0x000001df16ce0000)
 End Bits:   [0x000001df16ce0000, 0x000001df18ce0000)

Polling page: 0x000001df00310000

Metaspace:

Usage:
  Non-class:     54.58 MB used.
      Class:      7.26 MB used.
       Both:     61.84 MB used.

Virtual space:
  Non-class space:       64.00 MB reserved,      55.38 MB ( 87%) committed,  1 nodes.
      Class space:        1.00 GB reserved,       7.94 MB ( <1%) committed,  1 nodes.
             Both:        1.06 GB reserved,      63.31 MB (  6%) committed. 

Chunk freelists:
   Non-Class:  8.07 MB
       Class:  7.92 MB
        Both:  15.99 MB

MaxMetaspaceSize: unlimited
CompressedClassSpaceSize: 1.00 GB
Initial GC threshold: 21.00 MB
Current GC threshold: 97.31 MB
CDS: on
 - commit_granule_bytes: 65536.
 - commit_granule_words: 8192.
 - virtual_space_node_default_size: 8388608.
 - enlarge_chunks_in_place: 1.
 - use_allocation_guard: 0.


Internal statistics:

num_allocs_failed_limit: 9.
num_arena_births: 1128.
num_arena_deaths: 34.
num_vsnodes_births: 2.
num_vsnodes_deaths: 0.
num_space_committed: 1013.
num_space_uncommitted: 0.
num_chunks_returned_to_freelist: 50.
num_chunks_taken_from_freelist: 3931.
num_chunk_merges: 10.
num_chunk_splits: 2490.
num_chunks_enlarged: 1555.
num_inconsistent_stats: 0.

CodeHeap 'non-profiled nmethods': size=120000Kb used=5702Kb max_used=5702Kb free=114297Kb
 bounds [0x000001df0d500000, 0x000001df0daa0000, 0x000001df14a30000]
CodeHeap 'profiled nmethods': size=120000Kb used=15957Kb max_used=15957Kb free=104042Kb
 bounds [0x000001df05a30000, 0x000001df069d0000, 0x000001df0cf60000]
CodeHeap 'non-nmethods': size=5760Kb used=1413Kb max_used=1473Kb free=4346Kb
 bounds [0x000001df0cf60000, 0x000001df0d1d0000, 0x000001df0d500000]
CodeCache: size=245760Kb, used=23072Kb, max_used=23132Kb, free=222685Kb
 total_blobs=8633, nmethods=7919, adapters=620, full_count=0
Compilation: enabled, stopped_count=0, restarted_count=0

Compilation events (20 events):
Event: 544.221 Thread 0x000001df63020120 nmethod 8663 0x000001df0da83b10 code [0x000001df0da83d80, 0x000001df0da84448]
Event: 544.237 Thread 0x000001df63020120 8664       4       java.lang.Class::arrayContentsEq (70 bytes)
Event: 544.238 Thread 0x000001df027d1050 8665   !   4       java.util.regex.Pattern::<init> (144 bytes)
Event: 544.239 Thread 0x000001df63020120 nmethod 8664 0x000001df0da84910 code [0x000001df0da84aa0, 0x000001df0da84bc0]
Event: 544.241 Thread 0x000001df027d1050 nmethod 8665 0x000001df0da84c90 code [0x000001df0da84e40, 0x000001df0da85028]
Event: 544.241 Thread 0x000001df027d1050 8666   !   4       java.net.URI::create (23 bytes)
Event: 544.241 Thread 0x000001df63020120 8667       4       org.eclipse.core.internal.resources.Filter::appliesTo (36 bytes)
Event: 544.243 Thread 0x000001df63020120 nmethod 8667 0x000001df0da85210 code [0x000001df0da853a0, 0x000001df0da854d8]
Event: 544.243 Thread 0x000001df63020120 8668       4       java.nio.file.Path::of (119 bytes)
Event: 544.244 Thread 0x000001df027d1050 nmethod 8666 0x000001df0da85690 code [0x000001df0da85840, 0x000001df0da85a48]
Event: 544.256 Thread 0x000001df63020120 nmethod 8668 0x000001df0da85b90 code [0x000001df0da85e00, 0x000001df0da86820]
Event: 544.257 Thread 0x000001df63020120 8669       4       java.lang.Long::hashCode (8 bytes)
Event: 544.258 Thread 0x000001df63020120 nmethod 8669 0x000001df0da87110 code [0x000001df0da872a0, 0x000001df0da87338]
Event: 544.273 Thread 0x000001df027d1050 8670   !   4       org.eclipse.core.internal.resources.Filter::match (152 bytes)
Event: 544.273 Thread 0x000001df63020120 8671   !   4       org.eclipse.core.internal.resources.ProjectPathVariableManager::resolveURI (170 bytes)
Event: 544.274 Thread 0x000001df63020120 nmethod 8671 0x000001df0da87410 code [0x000001df0da875a0, 0x000001df0da87678]
Event: 544.283 Thread 0x000001df63020120 8672       4       org.eclipse.core.internal.localstore.FileStoreRoot::createStore (90 bytes)
Event: 544.324 Thread 0x000001df027d1050 nmethod 8670 0x000001df0da87790 code [0x000001df0da87b40, 0x000001df0da89928]
Event: 544.324 Thread 0x000001df027d1050 8673   !   4       org.eclipse.core.internal.localstore.FileSystemResourceManager::getStore (32 bytes)
Event: 544.363 Thread 0x000001df63020120 nmethod 8672 0x000001df0da8ab10 code [0x000001df0da8b040, 0x000001df0da8da70]

GC Heap History (20 events):
Event: 31.973 GC heap before
{Heap before GC invocations=40 (full 2):
 PSYoungGen      total 16384K, used 16360K [0x00000000d5580000, 0x00000000d6b00000, 0x0000000100000000)
  eden space 14848K, 100% used [0x00000000d5580000,0x00000000d6400000,0x00000000d6400000)
  from space 1536K, 98% used [0x00000000d6480000,0x00000000d65fa000,0x00000000d6600000)
  to   space 3584K, 0% used [0x00000000d6780000,0x00000000d6780000,0x00000000d6b00000)
 ParOldGen       total 68608K, used 56222K [0x0000000080000000, 0x0000000084300000, 0x00000000d5580000)
  object space 68608K, 81% used [0x0000000080000000,0x00000000836e7ad0,0x0000000084300000)
 Metaspace       used 58262K, committed 59648K, reserved 1114112K
  class space    used 6875K, committed 7488K, reserved 1048576K
}
Event: 31.975 GC heap after
{Heap after GC invocations=40 (full 2):
 PSYoungGen      total 16384K, used 1344K [0x00000000d5580000, 0x00000000d6900000, 0x0000000100000000)
  eden space 14848K, 0% used [0x00000000d5580000,0x00000000d5580000,0x00000000d6400000)
  from space 1536K, 87% used [0x00000000d6780000,0x00000000d68d0020,0x00000000d6900000)
  to   space 2048K, 0% used [0x00000000d6500000,0x00000000d6500000,0x00000000d6700000)
 ParOldGen       total 68608K, used 57769K [0x0000000080000000, 0x0000000084300000, 0x00000000d5580000)
  object space 68608K, 84% used [0x0000000080000000,0x000000008386a5e8,0x0000000084300000)
 Metaspace       used 58262K, committed 59648K, reserved 1114112K
  class space    used 6875K, committed 7488K, reserved 1048576K
}
Event: 32.023 GC heap before
{Heap before GC invocations=41 (full 2):
 PSYoungGen      total 16384K, used 3643K [0x00000000d5580000, 0x00000000d6900000, 0x0000000100000000)
  eden space 14848K, 15% used [0x00000000d5580000,0x00000000d57bef08,0x00000000d6400000)
  from space 1536K, 87% used [0x00000000d6780000,0x00000000d68d0020,0x00000000d6900000)
  to   space 2048K, 0% used [0x00000000d6500000,0x00000000d6500000,0x00000000d6700000)
 ParOldGen       total 68608K, used 57769K [0x0000000080000000, 0x0000000084300000, 0x00000000d5580000)
  object space 68608K, 84% used [0x0000000080000000,0x000000008386a5e8,0x0000000084300000)
 Metaspace       used 58357K, committed 59776K, reserved 1114112K
  class space    used 6883K, committed 7488K, reserved 1048576K
}
Event: 32.024 GC heap after
{Heap after GC invocations=41 (full 2):
 PSYoungGen      total 16896K, used 368K [0x00000000d5580000, 0x00000000d6800000, 0x0000000100000000)
  eden space 14848K, 0% used [0x00000000d5580000,0x00000000d5580000,0x00000000d6400000)
  from space 2048K, 17% used [0x00000000d6500000,0x00000000d655c010,0x00000000d6700000)
  to   space 1024K, 0% used [0x00000000d6700000,0x00000000d6700000,0x00000000d6800000)
 ParOldGen       total 68608K, used 58912K [0x0000000080000000, 0x0000000084300000, 0x00000000d5580000)
  object space 68608K, 85% used [0x0000000080000000,0x0000000083988228,0x0000000084300000)
 Metaspace       used 58357K, committed 59776K, reserved 1114112K
  class space    used 6883K, committed 7488K, reserved 1048576K
}
Event: 32.024 GC heap before
{Heap before GC invocations=42 (full 3):
 PSYoungGen      total 16896K, used 368K [0x00000000d5580000, 0x00000000d6800000, 0x0000000100000000)
  eden space 14848K, 0% used [0x00000000d5580000,0x00000000d5580000,0x00000000d6400000)
  from space 2048K, 17% used [0x00000000d6500000,0x00000000d655c010,0x00000000d6700000)
  to   space 1024K, 0% used [0x00000000d6700000,0x00000000d6700000,0x00000000d6800000)
 ParOldGen       total 68608K, used 58912K [0x0000000080000000, 0x0000000084300000, 0x00000000d5580000)
  object space 68608K, 85% used [0x0000000080000000,0x0000000083988228,0x0000000084300000)
 Metaspace       used 58357K, committed 59776K, reserved 1114112K
  class space    used 6883K, committed 7488K, reserved 1048576K
}
Event: 32.079 GC heap after
{Heap after GC invocations=42 (full 3):
 PSYoungGen      total 16896K, used 0K [0x00000000d5580000, 0x00000000d6800000, 0x0000000100000000)
  eden space 14848K, 0% used [0x00000000d5580000,0x00000000d5580000,0x00000000d6400000)
  from space 2048K, 0% used [0x00000000d6500000,0x00000000d6500000,0x00000000d6700000)
  to   space 1024K, 0% used [0x00000000d6700000,0x00000000d6700000,0x00000000d6800000)
 ParOldGen       total 68608K, used 52924K [0x0000000080000000, 0x0000000084300000, 0x00000000d5580000)
  object space 68608K, 77% used [0x0000000080000000,0x00000000833af1b8,0x0000000084300000)
 Metaspace       used 58357K, committed 59776K, reserved 1114112K
  class space    used 6883K, committed 7488K, reserved 1048576K
}
Event: 392.472 GC heap before
{Heap before GC invocations=43 (full 3):
 PSYoungGen      total 16896K, used 14840K [0x00000000d5580000, 0x00000000d6800000, 0x0000000100000000)
  eden space 14848K, 99% used [0x00000000d5580000,0x00000000d63fe0b8,0x00000000d6400000)
  from space 2048K, 0% used [0x00000000d6500000,0x00000000d6500000,0x00000000d6700000)
  to   space 1024K, 0% used [0x00000000d6700000,0x00000000d6700000,0x00000000d6800000)
 ParOldGen       total 68608K, used 52924K [0x0000000080000000, 0x0000000084300000, 0x00000000d5580000)
  object space 68608K, 77% used [0x0000000080000000,0x00000000833af1b8,0x0000000084300000)
 Metaspace       used 59987K, committed 61504K, reserved 1114112K
  class space    used 7099K, committed 7744K, reserved 1048576K
}
Event: 392.475 GC heap after
{Heap after GC invocations=43 (full 3):
 PSYoungGen      total 15872K, used 1024K [0x00000000d5580000, 0x00000000d6800000, 0x0000000100000000)
  eden space 14848K, 0% used [0x00000000d5580000,0x00000000d5580000,0x00000000d6400000)
  from space 1024K, 100% used [0x00000000d6700000,0x00000000d6800000,0x00000000d6800000)
  to   space 1536K, 0% used [0x00000000d6500000,0x00000000d6500000,0x00000000d6680000)
 ParOldGen       total 68608K, used 53004K [0x0000000080000000, 0x0000000084300000, 0x00000000d5580000)
  object space 68608K, 77% used [0x0000000080000000,0x00000000833c31b8,0x0000000084300000)
 Metaspace       used 59987K, committed 61504K, reserved 1114112K
  class space    used 7099K, committed 7744K, reserved 1048576K
}
Event: 396.959 GC heap before
{Heap before GC invocations=44 (full 3):
 PSYoungGen      total 15872K, used 15872K [0x00000000d5580000, 0x00000000d6800000, 0x0000000100000000)
  eden space 14848K, 100% used [0x00000000d5580000,0x00000000d6400000,0x00000000d6400000)
  from space 1024K, 100% used [0x00000000d6700000,0x00000000d6800000,0x00000000d6800000)
  to   space 1536K, 0% used [0x00000000d6500000,0x00000000d6500000,0x00000000d6680000)
 ParOldGen       total 68608K, used 53004K [0x0000000080000000, 0x0000000084300000, 0x00000000d5580000)
  object space 68608K, 77% used [0x0000000080000000,0x00000000833c31b8,0x0000000084300000)
 Metaspace       used 62024K, committed 63488K, reserved 1114112K
  class space    used 7315K, committed 7936K, reserved 1048576K
}
Event: 396.960 GC heap after
{Heap after GC invocations=44 (full 3):
 PSYoungGen      total 16384K, used 568K [0x00000000d5580000, 0x00000000d6780000, 0x0000000100000000)
  eden space 14848K, 0% used [0x00000000d5580000,0x00000000d5580000,0x00000000d6400000)
  from space 1536K, 36% used [0x00000000d6500000,0x00000000d658e0b0,0x00000000d6680000)
  to   space 1024K, 0% used [0x00000000d6680000,0x00000000d6680000,0x00000000d6780000)
 ParOldGen       total 68608K, used 53949K [0x0000000080000000, 0x0000000084300000, 0x00000000d5580000)
  object space 68608K, 78% used [0x0000000080000000,0x00000000834af708,0x0000000084300000)
 Metaspace       used 62024K, committed 63488K, reserved 1114112K
  class space    used 7315K, committed 7936K, reserved 1048576K
}
Event: 542.404 GC heap before
{Heap before GC invocations=45 (full 3):
 PSYoungGen      total 16384K, used 15416K [0x00000000d5580000, 0x00000000d6780000, 0x0000000100000000)
  eden space 14848K, 100% used [0x00000000d5580000,0x00000000d6400000,0x00000000d6400000)
  from space 1536K, 36% used [0x00000000d6500000,0x00000000d658e0b0,0x00000000d6680000)
  to   space 1024K, 0% used [0x00000000d6680000,0x00000000d6680000,0x00000000d6780000)
 ParOldGen       total 68608K, used 53949K [0x0000000080000000, 0x0000000084300000, 0x00000000d5580000)
  object space 68608K, 78% used [0x0000000080000000,0x00000000834af708,0x0000000084300000)
 Metaspace       used 63042K, committed 64576K, reserved 1114112K
  class space    used 7436K, committed 8128K, reserved 1048576K
}
Event: 542.405 GC heap after
{Heap after GC invocations=45 (full 3):
 PSYoungGen      total 15872K, used 832K [0x00000000d5580000, 0x00000000d6780000, 0x0000000100000000)
  eden space 14848K, 0% used [0x00000000d5580000,0x00000000d5580000,0x00000000d6400000)
  from space 1024K, 81% used [0x00000000d6680000,0x00000000d6750010,0x00000000d6780000)
  to   space 1024K, 0% used [0x00000000d6580000,0x00000000d6580000,0x00000000d6680000)
 ParOldGen       total 68608K, used 54354K [0x0000000080000000, 0x0000000084300000, 0x00000000d5580000)
  object space 68608K, 79% used [0x0000000080000000,0x0000000083514968,0x0000000084300000)
 Metaspace       used 63042K, committed 64576K, reserved 1114112K
  class space    used 7436K, committed 8128K, reserved 1048576K
}
Event: 543.082 GC heap before
{Heap before GC invocations=46 (full 3):
 PSYoungGen      total 15872K, used 15680K [0x00000000d5580000, 0x00000000d6780000, 0x0000000100000000)
  eden space 14848K, 100% used [0x00000000d5580000,0x00000000d6400000,0x00000000d6400000)
  from space 1024K, 81% used [0x00000000d6680000,0x00000000d6750010,0x00000000d6780000)
  to   space 1024K, 0% used [0x00000000d6580000,0x00000000d6580000,0x00000000d6680000)
 ParOldGen       total 68608K, used 54354K [0x0000000080000000, 0x0000000084300000, 0x00000000d5580000)
  object space 68608K, 79% used [0x0000000080000000,0x0000000083514968,0x0000000084300000)
 Metaspace       used 63275K, committed 64768K, reserved 1114112K
  class space    used 7436K, committed 8128K, reserved 1048576K
}
Event: 543.084 GC heap after
{Heap after GC invocations=46 (full 3):
 PSYoungGen      total 15360K, used 480K [0x00000000d5580000, 0x00000000d6700000, 0x0000000100000000)
  eden space 14848K, 0% used [0x00000000d5580000,0x00000000d5580000,0x00000000d6400000)
  from space 512K, 93% used [0x00000000d6580000,0x00000000d65f8000,0x00000000d6600000)
  to   space 1024K, 0% used [0x00000000d6600000,0x00000000d6600000,0x00000000d6700000)
 ParOldGen       total 68608K, used 55030K [0x0000000080000000, 0x0000000084300000, 0x00000000d5580000)
  object space 68608K, 80% used [0x0000000080000000,0x00000000835bd988,0x0000000084300000)
 Metaspace       used 63275K, committed 64768K, reserved 1114112K
  class space    used 7436K, committed 8128K, reserved 1048576K
}
Event: 543.706 GC heap before
{Heap before GC invocations=47 (full 3):
 PSYoungGen      total 15360K, used 15328K [0x00000000d5580000, 0x00000000d6700000, 0x0000000100000000)
  eden space 14848K, 100% used [0x00000000d5580000,0x00000000d6400000,0x00000000d6400000)
  from space 512K, 93% used [0x00000000d6580000,0x00000000d65f8000,0x00000000d6600000)
  to   space 1024K, 0% used [0x00000000d6600000,0x00000000d6600000,0x00000000d6700000)
 ParOldGen       total 68608K, used 55030K [0x0000000080000000, 0x0000000084300000, 0x00000000d5580000)
  object space 68608K, 80% used [0x0000000080000000,0x00000000835bd988,0x0000000084300000)
 Metaspace       used 63302K, committed 64832K, reserved 1114112K
  class space    used 7436K, committed 8128K, reserved 1048576K
}
Event: 543.707 GC heap after
{Heap after GC invocations=47 (full 3):
 PSYoungGen      total 15360K, used 320K [0x00000000d5580000, 0x00000000d6680000, 0x0000000100000000)
  eden space 14848K, 0% used [0x00000000d5580000,0x00000000d5580000,0x00000000d6400000)
  from space 512K, 62% used [0x00000000d6600000,0x00000000d6650000,0x00000000d6680000)
  to   space 512K, 0% used [0x00000000d6580000,0x00000000d6580000,0x00000000d6600000)
 ParOldGen       total 68608K, used 55210K [0x0000000080000000, 0x0000000084300000, 0x00000000d5580000)
  object space 68608K, 80% used [0x0000000080000000,0x00000000835ea998,0x0000000084300000)
 Metaspace       used 63302K, committed 64832K, reserved 1114112K
  class space    used 7436K, committed 8128K, reserved 1048576K
}
Event: 544.031 GC heap before
{Heap before GC invocations=48 (full 3):
 PSYoungGen      total 15360K, used 15168K [0x00000000d5580000, 0x00000000d6680000, 0x0000000100000000)
  eden space 14848K, 100% used [0x00000000d5580000,0x00000000d6400000,0x00000000d6400000)
  from space 512K, 62% used [0x00000000d6600000,0x00000000d6650000,0x00000000d6680000)
  to   space 512K, 0% used [0x00000000d6580000,0x00000000d6580000,0x00000000d6600000)
 ParOldGen       total 68608K, used 55210K [0x0000000080000000, 0x0000000084300000, 0x00000000d5580000)
  object space 68608K, 80% used [0x0000000080000000,0x00000000835ea998,0x0000000084300000)
 Metaspace       used 63317K, committed 64832K, reserved 1114112K
  class space    used 7436K, committed 8128K, reserved 1048576K
}
Event: 544.034 GC heap after
{Heap after GC invocations=48 (full 3):
 PSYoungGen      total 15360K, used 288K [0x00000000d5580000, 0x00000000d6680000, 0x0000000100000000)
  eden space 14848K, 0% used [0x00000000d5580000,0x00000000d5580000,0x00000000d6400000)
  from space 512K, 56% used [0x00000000d6580000,0x00000000d65c8000,0x00000000d6600000)
  to   space 512K, 0% used [0x00000000d6600000,0x00000000d6600000,0x00000000d6680000)
 ParOldGen       total 68608K, used 55450K [0x0000000080000000, 0x0000000084300000, 0x00000000d5580000)
  object space 68608K, 80% used [0x0000000080000000,0x00000000836269b8,0x0000000084300000)
 Metaspace       used 63317K, committed 64832K, reserved 1114112K
  class space    used 7436K, committed 8128K, reserved 1048576K
}
Event: 544.184 GC heap before
{Heap before GC invocations=49 (full 3):
 PSYoungGen      total 15360K, used 15136K [0x00000000d5580000, 0x00000000d6680000, 0x0000000100000000)
  eden space 14848K, 100% used [0x00000000d5580000,0x00000000d6400000,0x00000000d6400000)
  from space 512K, 56% used [0x00000000d6580000,0x00000000d65c8000,0x00000000d6600000)
  to   space 512K, 0% used [0x00000000d6600000,0x00000000d6600000,0x00000000d6680000)
 ParOldGen       total 68608K, used 55450K [0x0000000080000000, 0x0000000084300000, 0x00000000d5580000)
  object space 68608K, 80% used [0x0000000080000000,0x00000000836269b8,0x0000000084300000)
 Metaspace       used 63317K, committed 64832K, reserved 1114112K
  class space    used 7436K, committed 8128K, reserved 1048576K
}
Event: 544.186 GC heap after
{Heap after GC invocations=49 (full 3):
 PSYoungGen      total 15360K, used 160K [0x00000000d5580000, 0x00000000d6680000, 0x0000000100000000)
  eden space 14848K, 0% used [0x00000000d5580000,0x00000000d5580000,0x00000000d6400000)
  from space 512K, 31% used [0x00000000d6600000,0x00000000d6628000,0x00000000d6680000)
  to   space 512K, 0% used [0x00000000d6580000,0x00000000d6580000,0x00000000d6600000)
 ParOldGen       total 68608K, used 55530K [0x0000000080000000, 0x0000000084300000, 0x00000000d5580000)
  object space 68608K, 80% used [0x0000000080000000,0x000000008363a9b8,0x0000000084300000)
 Metaspace       used 63317K, committed 64832K, reserved 1114112K
  class space    used 7436K, committed 8128K, reserved 1048576K
}

Dll operation events (15 events):
Event: 0.045 Loaded shared library c:\Users\admin\.codebuddycn\extensions\redhat.java-1.47.0-win32-x64\jre\21.0.8-win32-x86_64\bin\java.dll
Event: 0.128 Loaded shared library c:\Users\admin\.codebuddycn\extensions\redhat.java-1.47.0-win32-x64\jre\21.0.8-win32-x86_64\bin\zip.dll
Event: 0.288 Loaded shared library C:\Users\admin\.codebuddycn\extensions\redhat.java-1.47.0-win32-x64\jre\21.0.8-win32-x86_64\bin\instrument.dll
Event: 0.300 Loaded shared library C:\Users\admin\.codebuddycn\extensions\redhat.java-1.47.0-win32-x64\jre\21.0.8-win32-x86_64\bin\net.dll
Event: 0.305 Loaded shared library C:\Users\admin\.codebuddycn\extensions\redhat.java-1.47.0-win32-x64\jre\21.0.8-win32-x86_64\bin\nio.dll
Event: 0.310 Loaded shared library C:\Users\admin\.codebuddycn\extensions\redhat.java-1.47.0-win32-x64\jre\21.0.8-win32-x86_64\bin\zip.dll
Event: 0.331 Loaded shared library C:\Users\admin\.codebuddycn\extensions\redhat.java-1.47.0-win32-x64\jre\21.0.8-win32-x86_64\bin\jimage.dll
Event: 0.462 Loaded shared library c:\Users\admin\.codebuddycn\extensions\redhat.java-1.47.0-win32-x64\jre\21.0.8-win32-x86_64\bin\verify.dll
Event: 2.333 Loaded shared library C:\Users\admin\AppData\Roaming\CodeBuddy CN\User\globalStorage\redhat.java\1.47.0\config_win\org.eclipse.equinox.launcher\org.eclipse.equinox.launcher.win32.win32.x86_64_1.2.1400.v20250801-0854\eclipse_11916.dll
Event: 4.008 Loaded shared library C:\Users\admin\AppData\Local\Temp\jna-92668751\jna3140851779064989295.dll
Event: 10.298 Loaded shared library C:\Users\admin\.gradle\native\c067742578af261105cb4f569cf0c3c89f3d7b1fecec35dd04571415982c5e48\windows-amd64\native-platform.dll
Event: 12.810 Loaded shared library C:\Users\admin\.codebuddycn\extensions\redhat.java-1.47.0-win32-x64\jre\21.0.8-win32-x86_64\bin\management.dll
Event: 12.815 Loaded shared library C:\Users\admin\.codebuddycn\extensions\redhat.java-1.47.0-win32-x64\jre\21.0.8-win32-x86_64\bin\management_ext.dll
Event: 392.376 Loaded shared library C:\Users\admin\.codebuddycn\extensions\redhat.java-1.47.0-win32-x64\jre\21.0.8-win32-x86_64\bin\extnet.dll
Event: 396.978 Loaded shared library C:\Users\admin\.codebuddycn\extensions\redhat.java-1.47.0-win32-x64\jre\21.0.8-win32-x86_64\bin\sunmscapi.dll

Deoptimization events (20 events):
Event: 544.073 Thread 0x000001df612a6a20 Uncommon trap: trap_request=0xffffff76 fr.pc=0x000001df0da7a494 relative=0x0000000000000174
Event: 544.073 Thread 0x000001df612a6a20 Uncommon trap: reason=predicate action=maybe_recompile pc=0x000001df0da7a494 method=java.util.HashMap.keysToArray([Ljava/lang/Object;)[Ljava/lang/Object; @ 48 c2
Event: 544.073 Thread 0x000001df612a6a20 DEOPT PACKING pc=0x000001df0da7a494 sp=0x000000c7d63fe0a0
Event: 544.073 Thread 0x000001df612a6a20 DEOPT UNPACKING pc=0x000001df0cfb6da2 sp=0x000000c7d63fe028 mode 2
Event: 544.116 Thread 0x000001df612a6a20 Uncommon trap: trap_request=0xffffffd6 fr.pc=0x000001df0da7fe34 relative=0x0000000000000214
Event: 544.116 Thread 0x000001df612a6a20 Uncommon trap: reason=array_check action=maybe_recompile pc=0x000001df0da7fe34 method=java.util.HashMap.keysToArray([Ljava/lang/Object;)[Ljava/lang/Object; @ 62 c2
Event: 544.116 Thread 0x000001df612a6a20 DEOPT PACKING pc=0x000001df0da7fe34 sp=0x000000c7d63fe0a0
Event: 544.117 Thread 0x000001df612a6a20 DEOPT UNPACKING pc=0x000001df0cfb6da2 sp=0x000000c7d63fe018 mode 2
Event: 544.118 Thread 0x000001df612a6a20 Uncommon trap: trap_request=0xffffffd6 fr.pc=0x000001df0da7fe34 relative=0x0000000000000214
Event: 544.118 Thread 0x000001df612a6a20 Uncommon trap: reason=array_check action=maybe_recompile pc=0x000001df0da7fe34 method=java.util.HashMap.keysToArray([Ljava/lang/Object;)[Ljava/lang/Object; @ 62 c2
Event: 544.118 Thread 0x000001df612a6a20 DEOPT PACKING pc=0x000001df0da7fe34 sp=0x000000c7d63fe0a0
Event: 544.118 Thread 0x000001df612a6a20 DEOPT UNPACKING pc=0x000001df0cfb6da2 sp=0x000000c7d63fe018 mode 2
Event: 544.119 Thread 0x000001df612a6a20 Uncommon trap: trap_request=0xffffffd6 fr.pc=0x000001df0da7fe34 relative=0x0000000000000214
Event: 544.119 Thread 0x000001df612a6a20 Uncommon trap: reason=array_check action=maybe_recompile pc=0x000001df0da7fe34 method=java.util.HashMap.keysToArray([Ljava/lang/Object;)[Ljava/lang/Object; @ 62 c2
Event: 544.119 Thread 0x000001df612a6a20 DEOPT PACKING pc=0x000001df0da7fe34 sp=0x000000c7d63fe0a0
Event: 544.119 Thread 0x000001df612a6a20 DEOPT UNPACKING pc=0x000001df0cfb6da2 sp=0x000000c7d63fe018 mode 2
Event: 544.119 Thread 0x000001df612a6a20 Uncommon trap: trap_request=0xffffffd6 fr.pc=0x000001df0da7fe34 relative=0x0000000000000214
Event: 544.119 Thread 0x000001df612a6a20 Uncommon trap: reason=array_check action=maybe_recompile pc=0x000001df0da7fe34 method=java.util.HashMap.keysToArray([Ljava/lang/Object;)[Ljava/lang/Object; @ 62 c2
Event: 544.119 Thread 0x000001df612a6a20 DEOPT PACKING pc=0x000001df0da7fe34 sp=0x000000c7d63fe0a0
Event: 544.119 Thread 0x000001df612a6a20 DEOPT UNPACKING pc=0x000001df0cfb6da2 sp=0x000000c7d63fe018 mode 2

Classes loaded (20 events):
Event: 397.466 Loading class java/io/ObjectStreamClass$1
Event: 397.470 Loading class java/io/ObjectStreamClass$1 done
Event: 397.470 Loading class java/io/ObjectStreamClass$MemberSignature
Event: 397.470 Loading class java/io/ObjectStreamClass$MemberSignature done
Event: 397.470 Loading class java/io/ObjectStreamClass$3
Event: 397.470 Loading class java/io/ObjectStreamClass$3 done
Event: 397.471 Loading class java/io/ObjectStreamClass$4
Event: 397.471 Loading class java/io/ObjectStreamClass$4 done
Event: 397.471 Loading class java/io/ObjectStreamClass$5
Event: 397.471 Loading class java/io/ObjectStreamClass$5 done
Event: 430.503 Loading class java/io/ObjectStreamClass$ExceptionInfo
Event: 430.503 Loading class java/io/ObjectStreamClass$ExceptionInfo done
Event: 430.511 Loading class java/lang/Throwable$PrintStreamOrWriter
Event: 430.511 Loading class java/lang/Throwable$PrintStreamOrWriter done
Event: 430.546 Loading class java/lang/Throwable$WrappedPrintWriter
Event: 430.546 Loading class java/lang/Throwable$WrappedPrintWriter done
Event: 542.245 Loading class java/util/ArrayDeque$DeqSpliterator
Event: 542.253 Loading class java/util/ArrayDeque$DeqSpliterator done
Event: 542.369 Loading class java/util/ImmutableCollections$SubList
Event: 542.370 Loading class java/util/ImmutableCollections$SubList done

Classes unloaded (17 events):
Event: 4.741 Thread 0x000001df027b2f20 Unloading class 0x000001df1b1aa800 'java/lang/invoke/LambdaForm$MH+0x000001df1b1aa800'
Event: 4.741 Thread 0x000001df027b2f20 Unloading class 0x000001df1b1aa400 'java/lang/invoke/LambdaForm$MH+0x000001df1b1aa400'
Event: 4.741 Thread 0x000001df027b2f20 Unloading class 0x000001df1b1aa000 'java/lang/invoke/LambdaForm$MH+0x000001df1b1aa000'
Event: 4.741 Thread 0x000001df027b2f20 Unloading class 0x000001df1b1a9c00 'java/lang/invoke/LambdaForm$MH+0x000001df1b1a9c00'
Event: 4.741 Thread 0x000001df027b2f20 Unloading class 0x000001df1b1a9800 'java/lang/invoke/LambdaForm$BMH+0x000001df1b1a9800'
Event: 4.741 Thread 0x000001df027b2f20 Unloading class 0x000001df1b1a9400 'java/lang/invoke/LambdaForm$DMH+0x000001df1b1a9400'
Event: 4.741 Thread 0x000001df027b2f20 Unloading class 0x000001df1b1a8400 'java/lang/invoke/LambdaForm$DMH+0x000001df1b1a8400'
Event: 7.010 Thread 0x000001df027b2f20 Unloading class 0x000001df1b31fc00 'java/lang/invoke/LambdaForm$DMH+0x000001df1b31fc00'
Event: 7.010 Thread 0x000001df027b2f20 Unloading class 0x000001df1b31b000 'java/lang/invoke/LambdaForm$MH+0x000001df1b31b000'
Event: 7.010 Thread 0x000001df027b2f20 Unloading class 0x000001df1b31a800 'java/lang/invoke/LambdaForm$MH+0x000001df1b31a800'
Event: 7.010 Thread 0x000001df027b2f20 Unloading class 0x000001df1b31a400 'java/lang/invoke/LambdaForm$MH+0x000001df1b31a400'
Event: 7.011 Thread 0x000001df027b2f20 Unloading class 0x000001df1b319800 'java/lang/invoke/LambdaForm$MH+0x000001df1b319800'
Event: 7.011 Thread 0x000001df027b2f20 Unloading class 0x000001df1b319000 'java/lang/invoke/LambdaForm$MH+0x000001df1b319000'
Event: 7.011 Thread 0x000001df027b2f20 Unloading class 0x000001df1b318c00 'java/lang/invoke/LambdaForm$MH+0x000001df1b318c00'
Event: 7.011 Thread 0x000001df027b2f20 Unloading class 0x000001df1b318000 'java/lang/invoke/LambdaForm$MH+0x000001df1b318000'
Event: 7.011 Thread 0x000001df027b2f20 Unloading class 0x000001df1b317c00 'java/lang/invoke/LambdaForm$MH+0x000001df1b317c00'
Event: 7.011 Thread 0x000001df027b2f20 Unloading class 0x000001df1b317000 'java/lang/invoke/LambdaForm$DMH+0x000001df1b317000'

Classes redefined (0 events):
No events

Internal exceptions (20 events):
Event: 392.241 Thread 0x000001df62a85b40 Exception <a 'sun/nio/fs/WindowsException'{0x00000000d575a6c0}> (0x00000000d575a6c0) 
thrown [s\src\hotspot\share\prims\jni.cpp, line 520]
Event: 392.338 Thread 0x000001df62a88930 Exception <a 'java/lang/NoSuchMethodError'{0x00000000d5a5c2b8}: 'long java.lang.invoke.DirectMethodHandle$Holder.invokeVirtual(java.lang.Object, java.lang.Object)'> (0x00000000d5a5c2b8) 
thrown [s\src\hotspot\share\interpreter\linkResolver.cpp, line 773]
Event: 392.338 Thread 0x000001df62a88930 Exception <a 'java/lang/NoSuchMethodError'{0x00000000d5a5f698}: 'long java.lang.invoke.DelegatingMethodHandle$Holder.reinvoke_L(java.lang.Object, java.lang.Object)'> (0x00000000d5a5f698) 
thrown [s\src\hotspot\share\interpreter\linkResolver.cpp, line 773]
Event: 392.382 Thread 0x000001df612a9180 Exception <a 'java/lang/NoSuchMethodError'{0x00000000d5ca0db0}: 'int java.lang.invoke.DirectMethodHandle$Holder.invokeStatic(java.lang.Object)'> (0x00000000d5ca0db0) 
thrown [s\src\hotspot\share\interpreter\linkResolver.cpp, line 773]
Event: 392.401 Thread 0x000001df612a9180 Exception <a 'java/io/FileNotFoundException'{0x00000000d5e89648}> (0x00000000d5e89648) 
thrown [s\src\hotspot\share\prims\jni.cpp, line 520]
Event: 392.401 Thread 0x000001df612a9180 Exception <a 'java/io/FileNotFoundException'{0x00000000d5e8acb8}> (0x00000000d5e8acb8) 
thrown [s\src\hotspot\share\prims\jni.cpp, line 520]
Event: 392.402 Thread 0x000001df612a9180 Exception <a 'java/io/FileNotFoundException'{0x00000000d5e8bf00}> (0x00000000d5e8bf00) 
thrown [s\src\hotspot\share\prims\jni.cpp, line 520]
Event: 392.654 Thread 0x000001df612a9180 Exception <a 'sun/nio/fs/WindowsException'{0x00000000d6224be0}> (0x00000000d6224be0) 
thrown [s\src\hotspot\share\prims\jni.cpp, line 520]
Event: 392.654 Thread 0x000001df612a9180 Exception <a 'sun/nio/fs/WindowsException'{0x00000000d6225290}> (0x00000000d6225290) 
thrown [s\src\hotspot\share\prims\jni.cpp, line 520]
Event: 397.471 Thread 0x000001df62a88930 Exception <a 'java/lang/NoSuchMethodError'{0x00000000d5830628}: static Lorg/gradle/internal/build/event/types/AbstractProgressEvent;.<clinit>()V> (0x00000000d5830628) 
thrown [s\src\hotspot\share\prims\jni.cpp, line 1111]
Event: 397.472 Thread 0x000001df62a88930 Exception <a 'java/lang/NoSuchMethodError'{0x00000000d5844b40}: static Lorg/gradle/internal/build/event/types/DefaultOperationStartedProgressEvent;.<clinit>()V> (0x00000000d5844b40) 
thrown [s\src\hotspot\share\prims\jni.cpp, line 1111]
Event: 397.474 Thread 0x000001df62a88930 Exception <a 'java/lang/NoSuchMethodError'{0x00000000d585ab40}: static Lorg/gradle/internal/build/event/types/DefaultOperationDescriptor;.<clinit>()V> (0x00000000d585ab40) 
thrown [s\src\hotspot\share\prims\jni.cpp, line 1111]
Event: 397.474 Thread 0x000001df62a88930 Exception <a 'java/lang/NoSuchMethodError'{0x00000000d5869620}: static Lorg/gradle/internal/operations/OperationIdentifier;.<clinit>()V> (0x00000000d5869620) 
thrown [s\src\hotspot\share\prims\jni.cpp, line 1111]
Event: 397.972 Thread 0x000001df62a88930 Exception <a 'java/lang/NoSuchMethodError'{0x00000000d58f7ec0}: static Lorg/gradle/internal/build/event/types/DefaultOperationFinishedProgressEvent;.<clinit>()V> (0x00000000d58f7ec0) 
thrown [s\src\hotspot\share\prims\jni.cpp, line 1111]
Event: 397.974 Thread 0x000001df62a88930 Exception <a 'java/lang/NoSuchMethodError'{0x00000000d5914258}: static Lorg/gradle/internal/build/event/types/AbstractResult;.<clinit>()V> (0x00000000d5914258) 
thrown [s\src\hotspot\share\prims\jni.cpp, line 1111]
Event: 397.975 Thread 0x000001df62a88930 Exception <a 'java/lang/NoSuchMethodError'{0x00000000d5921ed0}: static Lorg/gradle/internal/build/event/types/AbstractOperationResult;.<clinit>()V> (0x00000000d5921ed0) 
thrown [s\src\hotspot\share\prims\jni.cpp, line 1111]
Event: 397.975 Thread 0x000001df62a88930 Exception <a 'java/lang/NoSuchMethodError'{0x00000000d592fec0}: static Lorg/gradle/internal/build/event/types/DefaultSuccessResult;.<clinit>()V> (0x00000000d592fec0) 
thrown [s\src\hotspot\share\prims\jni.cpp, line 1111]
Event: 421.420 Thread 0x000001df62a88930 Exception <a 'java/lang/NoSuchMethodError'{0x00000000d59c6d28}: static Lorg/gradle/internal/build/event/types/DefaultBuildPhaseDescriptor;.<clinit>()V> (0x00000000d59c6d28) 
thrown [s\src\hotspot\share\prims\jni.cpp, line 1111]
Event: 423.042 Thread 0x000001df62a88930 Exception <a 'java/lang/NoSuchMethodError'{0x00000000d5a478b8}: static Lorg/gradle/internal/build/event/types/DefaultProjectConfigurationDescriptor;.<clinit>()V> (0x00000000d5a478b8) 
thrown [s\src\hotspot\share\prims\jni.cpp, line 1111]
Event: 430.514 Thread 0x000001df62a88930 Exception <a 'java/lang/NoSuchMethodError'{0x00000000d5ec4830}: static Lorg/gradle/launcher/daemon/server/api/DaemonStoppedException;.<clinit>()V> (0x00000000d5ec4830) 
thrown [s\src\hotspot\share\prims\jni.cpp, line 1111]

ZGC Phase Switch (0 events):
No events

VM Operations (20 events):
Event: 427.096 Executing VM operation: Cleanup
Event: 427.096 Executing VM operation: Cleanup done
Event: 429.101 Executing VM operation: Cleanup
Event: 429.101 Executing VM operation: Cleanup done
Event: 430.101 Executing VM operation: Cleanup
Event: 430.101 Executing VM operation: Cleanup done
Event: 430.539 Executing VM operation: HandshakeAllThreads (Deoptimize)
Event: 430.539 Executing VM operation: HandshakeAllThreads (Deoptimize) done
Event: 431.540 Executing VM operation: Cleanup
Event: 431.540 Executing VM operation: Cleanup done
Event: 542.404 Executing VM operation: ParallelGCFailedAllocation (Allocation Failure)
Event: 542.405 Executing VM operation: ParallelGCFailedAllocation (Allocation Failure) done
Event: 543.082 Executing VM operation: ParallelGCFailedAllocation (Allocation Failure)
Event: 543.084 Executing VM operation: ParallelGCFailedAllocation (Allocation Failure) done
Event: 543.706 Executing VM operation: ParallelGCFailedAllocation (Allocation Failure)
Event: 543.707 Executing VM operation: ParallelGCFailedAllocation (Allocation Failure) done
Event: 544.031 Executing VM operation: ParallelGCFailedAllocation (Allocation Failure)
Event: 544.034 Executing VM operation: ParallelGCFailedAllocation (Allocation Failure) done
Event: 544.184 Executing VM operation: ParallelGCFailedAllocation (Allocation Failure)
Event: 544.186 Executing VM operation: ParallelGCFailedAllocation (Allocation Failure) done

Memory protections (0 events):
No events

Nmethod flushes (20 events):
Event: 32.045 Thread 0x000001df027b2f20 flushing  nmethod 0x000001df0627b110
Event: 32.045 Thread 0x000001df027b2f20 flushing  nmethod 0x000001df06286390
Event: 32.045 Thread 0x000001df027b2f20 flushing  nmethod 0x000001df0629d810
Event: 32.045 Thread 0x000001df027b2f20 flushing  nmethod 0x000001df0629e710
Event: 32.045 Thread 0x000001df027b2f20 flushing  nmethod 0x000001df0629f190
Event: 32.045 Thread 0x000001df027b2f20 flushing  nmethod 0x000001df062a0410
Event: 32.045 Thread 0x000001df027b2f20 flushing  nmethod 0x000001df062a3910
Event: 32.045 Thread 0x000001df027b2f20 flushing  nmethod 0x000001df062a3c90
Event: 32.045 Thread 0x000001df027b2f20 flushing  nmethod 0x000001df062a5710
Event: 32.045 Thread 0x000001df027b2f20 flushing  nmethod 0x000001df062afe90
Event: 32.045 Thread 0x000001df027b2f20 flushing  nmethod 0x000001df062b4b10
Event: 32.045 Thread 0x000001df027b2f20 flushing  nmethod 0x000001df062c3d10
Event: 32.045 Thread 0x000001df027b2f20 flushing  nmethod 0x000001df062ed610
Event: 32.045 Thread 0x000001df027b2f20 flushing  nmethod 0x000001df062f9190
Event: 32.045 Thread 0x000001df027b2f20 flushing  nmethod 0x000001df06316310
Event: 32.045 Thread 0x000001df027b2f20 flushing  nmethod 0x000001df0631a910
Event: 32.045 Thread 0x000001df027b2f20 flushing  nmethod 0x000001df0631b610
Event: 32.045 Thread 0x000001df027b2f20 flushing  nmethod 0x000001df0631d090
Event: 32.045 Thread 0x000001df027b2f20 flushing  nmethod 0x000001df0631f310
Event: 32.045 Thread 0x000001df027b2f20 flushing  nmethod 0x000001df06320110

Events (20 events):
Event: 397.036 Thread 0x000001df62a88930 Thread added: 0x000001df612a8af0
Event: 397.036 Thread 0x000001df612a8af0 Thread exited: 0x000001df612a8af0
Event: 397.037 Thread 0x000001df62a88930 Thread added: 0x000001df612a9ea0
Event: 430.517 Thread 0x000001df612a9ea0 Thread exited: 0x000001df612a9ea0
Event: 430.520 Thread 0x000001df62a89650 Thread exited: 0x000001df62a89650
Event: 430.535 Thread 0x000001df62a88930 Thread exited: 0x000001df62a88930
Event: 542.242 Thread 0x000001df612a6a20 Thread added: 0x000001df612a7740
Event: 542.259 Thread 0x000001df612a6a20 Thread added: 0x000001df612a7dd0
Event: 542.260 Thread 0x000001df612a6a20 Thread added: 0x000001df612a9ea0
Event: 542.263 Thread 0x000001df62a85b40 Thread added: 0x000001df612a8af0
Event: 542.264 Thread 0x000001df62a85b40 Thread added: 0x000001df62a8aa00
Event: 542.303 Thread 0x000001df62a8aa00 Thread added: 0x000001df62a88930
Event: 542.337 Thread 0x000001df612a9ea0 Thread exited: 0x000001df612a9ea0
Event: 542.348 Thread 0x000001df612a6a20 Thread added: 0x000001df62a89650
Event: 542.720 Thread 0x000001df62a8aa00 Thread added: 0x000001df62a8b090
Event: 543.348 Thread 0x000001df027d28b0 Thread added: 0x000001df63020120
Event: 543.399 Thread 0x000001df62a8b090 Thread added: 0x000001df612a9ea0
Event: 543.400 Thread 0x000001df62a8b090 Thread added: 0x000001df62a84100
Event: 543.427 Thread 0x000001df612a9ea0 Thread exited: 0x000001df612a9ea0
Event: 543.911 Thread 0x000001df612a9180 Thread added: 0x000001df612a9ea0


Dynamic libraries:
0x00007ff6993d0000 - 0x00007ff6993de000 	c:\Users\admin\.codebuddycn\extensions\redhat.java-1.47.0-win32-x64\jre\21.0.8-win32-x86_64\bin\java.exe
0x00007ff8fce10000 - 0x00007ff8fd008000 	C:\Windows\SYSTEM32\ntdll.dll
0x00007ff8fbac0000 - 0x00007ff8fbb82000 	C:\Windows\System32\KERNEL32.DLL
0x00007ff8fa4a0000 - 0x00007ff8fa796000 	C:\Windows\System32\KERNELBASE.dll
0x00007ff8fa7f0000 - 0x00007ff8fa8f0000 	C:\Windows\System32\ucrtbase.dll
0x00007ff8de520000 - 0x00007ff8de538000 	c:\Users\admin\.codebuddycn\extensions\redhat.java-1.47.0-win32-x64\jre\21.0.8-win32-x86_64\bin\jli.dll
0x00007ff8fb4d0000 - 0x00007ff8fb671000 	C:\Windows\System32\USER32.dll
0x00007ff8fa8f0000 - 0x00007ff8fa912000 	C:\Windows\System32\win32u.dll
0x00007ff8fba90000 - 0x00007ff8fbabb000 	C:\Windows\System32\GDI32.dll
0x00007ff8fabb0000 - 0x00007ff8facc9000 	C:\Windows\System32\gdi32full.dll
0x00007ff8cd7e0000 - 0x00007ff8cda7b000 	C:\Windows\WinSxS\amd64_microsoft.windows.common-controls_6595b64144ccf1df_6.0.19041.6456_none_60b8a6cb71f64256\COMCTL32.dll
0x00007ff8fab10000 - 0x00007ff8fabad000 	C:\Windows\System32\msvcp_win.dll
0x00007ff8fc250000 - 0x00007ff8fc2ee000 	C:\Windows\System32\msvcrt.dll
0x00007ff8d7c70000 - 0x00007ff8d7c8e000 	c:\Users\admin\.codebuddycn\extensions\redhat.java-1.47.0-win32-x64\jre\21.0.8-win32-x86_64\bin\VCRUNTIME140.dll
0x00007ff8fbb90000 - 0x00007ff8fbbbf000 	C:\Windows\System32\IMM32.DLL
0x000000005dfd0000 - 0x000000005dfdd000 	C:\Program Files (x86)\360\360Safe\safemon\SafeWrapper.dll
0x00007ff8fb7b0000 - 0x00007ff8fb861000 	C:\Windows\System32\ADVAPI32.dll
0x00007ff8fc4e0000 - 0x00007ff8fc57f000 	C:\Windows\System32\sechost.dll
0x00007ff8fc350000 - 0x00007ff8fc470000 	C:\Windows\System32\RPCRT4.dll
0x00007ff8fad50000 - 0x00007ff8fad77000 	C:\Windows\System32\bcrypt.dll
0x00007ff8f4070000 - 0x00007ff8f4174000 	C:\Program Files (x86)\360\360Safe\safemon\libzdtp64.dll
0x00007ff8fc660000 - 0x00007ff8fcdd0000 	C:\Windows\System32\SHELL32.dll
0x00007ff8fc2f0000 - 0x00007ff8fc34b000 	C:\Windows\System32\SHLWAPI.dll
0x00007ff8f9fb0000 - 0x00007ff8f9fba000 	C:\Windows\SYSTEM32\VERSION.dll
0x00007ff8f36f0000 - 0x00007ff8f36fc000 	c:\Users\admin\.codebuddycn\extensions\redhat.java-1.47.0-win32-x64\jre\21.0.8-win32-x86_64\bin\vcruntime140_1.dll
0x00007ff89f270000 - 0x00007ff89f2fd000 	c:\Users\admin\.codebuddycn\extensions\redhat.java-1.47.0-win32-x64\jre\21.0.8-win32-x86_64\bin\msvcp140.dll
0x00007ff877ce0000 - 0x00007ff878a77000 	c:\Users\admin\.codebuddycn\extensions\redhat.java-1.47.0-win32-x64\jre\21.0.8-win32-x86_64\bin\server\jvm.dll
0x00007ff8fc470000 - 0x00007ff8fc4db000 	C:\Windows\System32\WS2_32.dll
0x00007ff8f9dc0000 - 0x00007ff8f9e0b000 	C:\Windows\SYSTEM32\POWRPROF.dll
0x00007ff8ecff0000 - 0x00007ff8ed017000 	C:\Windows\SYSTEM32\WINMM.dll
0x00007ff8f9da0000 - 0x00007ff8f9db2000 	C:\Windows\SYSTEM32\UMPDC.dll
0x00007ff8f8c30000 - 0x00007ff8f8c42000 	C:\Windows\SYSTEM32\kernel.appcore.dll
0x00007ff8df4f0000 - 0x00007ff8df4fa000 	c:\Users\admin\.codebuddycn\extensions\redhat.java-1.47.0-win32-x64\jre\21.0.8-win32-x86_64\bin\jimage.dll
0x00007ff8f7c70000 - 0x00007ff8f7e71000 	C:\Windows\SYSTEM32\DBGHELP.DLL
0x00007ff8d2610000 - 0x00007ff8d2644000 	C:\Windows\SYSTEM32\dbgcore.DLL
0x00007ff8faa80000 - 0x00007ff8fab02000 	C:\Windows\System32\bcryptPrimitives.dll
0x00007ff8f8b90000 - 0x00007ff8f8b9f000 	c:\Users\admin\.codebuddycn\extensions\redhat.java-1.47.0-win32-x64\jre\21.0.8-win32-x86_64\bin\instrument.dll
0x00007ff8d7ae0000 - 0x00007ff8d7aff000 	c:\Users\admin\.codebuddycn\extensions\redhat.java-1.47.0-win32-x64\jre\21.0.8-win32-x86_64\bin\java.dll
0x00007ff8f82e0000 - 0x00007ff8f8a85000 	C:\Windows\SYSTEM32\windows.storage.dll
0x00007ff8fbbc0000 - 0x00007ff8fbf14000 	C:\Windows\System32\combase.dll
0x00007ff8f9e10000 - 0x00007ff8f9e3b000 	C:\Windows\SYSTEM32\Wldp.dll
0x00007ff8fbf30000 - 0x00007ff8fbffd000 	C:\Windows\System32\OLEAUT32.dll
0x00007ff8fb980000 - 0x00007ff8fba2d000 	C:\Windows\System32\SHCORE.dll
0x00007ff8fa3d0000 - 0x00007ff8fa3f4000 	C:\Windows\SYSTEM32\profapi.dll
0x00007ff8c99e0000 - 0x00007ff8c99f8000 	c:\Users\admin\.codebuddycn\extensions\redhat.java-1.47.0-win32-x64\jre\21.0.8-win32-x86_64\bin\zip.dll
0x00007ff8de650000 - 0x00007ff8de660000 	C:\Users\admin\.codebuddycn\extensions\redhat.java-1.47.0-win32-x64\jre\21.0.8-win32-x86_64\bin\net.dll
0x00007ff8f4930000 - 0x00007ff8f4a3a000 	C:\Windows\SYSTEM32\WINHTTP.dll
0x00007ff8f9b00000 - 0x00007ff8f9b6a000 	C:\Windows\system32\mswsock.dll
0x00007ff8c6a10000 - 0x00007ff8c6a26000 	C:\Users\admin\.codebuddycn\extensions\redhat.java-1.47.0-win32-x64\jre\21.0.8-win32-x86_64\bin\nio.dll
0x00007ff8de420000 - 0x00007ff8de430000 	c:\Users\admin\.codebuddycn\extensions\redhat.java-1.47.0-win32-x64\jre\21.0.8-win32-x86_64\bin\verify.dll
0x00007ff8de6b0000 - 0x00007ff8de6f4000 	C:\Users\admin\AppData\Roaming\CodeBuddy CN\User\globalStorage\redhat.java\1.47.0\config_win\org.eclipse.equinox.launcher\org.eclipse.equinox.launcher.win32.win32.x86_64_1.2.1400.v20250801-0854\eclipse_11916.dll
0x00007ff8fb680000 - 0x00007ff8fb7ab000 	C:\Windows\System32\ole32.dll
0x00007ff8f9cf0000 - 0x00007ff8f9d08000 	C:\Windows\SYSTEM32\CRYPTSP.dll
0x00007ff8f93f0000 - 0x00007ff8f9428000 	C:\Windows\system32\rsaenh.dll
0x00007ff8fa390000 - 0x00007ff8fa3be000 	C:\Windows\SYSTEM32\USERENV.dll
0x00007ff8f9d10000 - 0x00007ff8f9d1c000 	C:\Windows\SYSTEM32\CRYPTBASE.dll
0x00007ff8f9fc0000 - 0x00007ff8f9ffb000 	C:\Windows\SYSTEM32\IPHLPAPI.DLL
0x00007ff8fbf20000 - 0x00007ff8fbf28000 	C:\Windows\System32\NSI.dll
0x00007ff8c9f60000 - 0x00007ff8c9fa9000 	C:\Users\admin\AppData\Local\Temp\jna-92668751\jna3140851779064989295.dll
0x00007ff8fb970000 - 0x00007ff8fb978000 	C:\Windows\System32\PSAPI.DLL
0x00007ff8f1e40000 - 0x00007ff8f1e57000 	C:\Windows\SYSTEM32\dhcpcsvc6.DLL
0x00007ff8f2540000 - 0x00007ff8f255d000 	C:\Windows\SYSTEM32\dhcpcsvc.DLL
0x00007ff8de9c0000 - 0x00007ff8de9e7000 	C:\Users\admin\.gradle\native\c067742578af261105cb4f569cf0c3c89f3d7b1fecec35dd04571415982c5e48\windows-amd64\native-platform.dll
0x00007ff8dddc0000 - 0x00007ff8dddca000 	C:\Users\admin\.codebuddycn\extensions\redhat.java-1.47.0-win32-x64\jre\21.0.8-win32-x86_64\bin\management.dll
0x00007ff8d7ee0000 - 0x00007ff8d7eeb000 	C:\Users\admin\.codebuddycn\extensions\redhat.java-1.47.0-win32-x64\jre\21.0.8-win32-x86_64\bin\management_ext.dll
0x00007ff8ce800000 - 0x00007ff8ce809000 	C:\Users\admin\.codebuddycn\extensions\redhat.java-1.47.0-win32-x64\jre\21.0.8-win32-x86_64\bin\extnet.dll
0x00007ff8cfc50000 - 0x00007ff8cfc5e000 	C:\Users\admin\.codebuddycn\extensions\redhat.java-1.47.0-win32-x64\jre\21.0.8-win32-x86_64\bin\sunmscapi.dll
0x00007ff8fa920000 - 0x00007ff8faa7d000 	C:\Windows\System32\CRYPT32.dll
0x00007ff8f9e80000 - 0x00007ff8f9ea7000 	C:\Windows\SYSTEM32\ncrypt.dll
0x00007ff8f9e40000 - 0x00007ff8f9e7b000 	C:\Windows\SYSTEM32\NTASN1.dll
0x00007ff8a58f0000 - 0x00007ff8a58f7000 	C:\Windows\system32\wshunix.dll

JVMTI agents:
c:\Users\admin\.codebuddycn\extensions\redhat.java-1.47.0-win32-x64\lombok\lombok-1.18.39-4050.jar path:c:\Users\admin\.codebuddycn\extensions\redhat.java-1.47.0-win32-x64\jre\21.0.8-win32-x86_64\bin\instrument.dll, loaded, initialized, instrumentlib options:none

dbghelp: loaded successfully - version: 4.0.5 - missing functions: none
symbol engine: initialized successfully - sym options: 0x614 - pdb path: .;c:\Users\admin\.codebuddycn\extensions\redhat.java-1.47.0-win32-x64\jre\21.0.8-win32-x86_64\bin;C:\Windows\SYSTEM32;C:\Windows\WinSxS\amd64_microsoft.windows.common-controls_6595b64144ccf1df_6.0.19041.6456_none_60b8a6cb71f64256;C:\Program Files (x86)\360\360Safe\safemon;c:\Users\admin\.codebuddycn\extensions\redhat.java-1.47.0-win32-x64\jre\21.0.8-win32-x86_64\bin\server;C:\Users\admin\AppData\Roaming\CodeBuddy CN\User\globalStorage\redhat.java\1.47.0\config_win\org.eclipse.equinox.launcher\org.eclipse.equinox.launcher.win32.win32.x86_64_1.2.1400.v20250801-0854;C:\Users\admin\AppData\Local\Temp\jna-92668751;C:\Users\admin\.gradle\native\c067742578af261105cb4f569cf0c3c89f3d7b1fecec35dd04571415982c5e48\windows-amd64

VM Arguments:
jvm_args: --add-modules=ALL-SYSTEM --add-opens=java.base/java.util=ALL-UNNAMED --add-opens=java.base/java.lang=ALL-UNNAMED --add-opens=java.base/sun.nio.fs=ALL-UNNAMED -Declipse.application=org.eclipse.jdt.ls.core.id1 -Dosgi.bundles.defaultStartLevel=4 -Declipse.product=org.eclipse.jdt.ls.core.product -Djava.import.generatesMetadataFilesAtProjectRoot=false -DDetectVMInstallationsJob.disabled=true -Dfile.encoding=utf8 -XX:+UseParallelGC -XX:GCTimeRatio=4 -XX:AdaptiveSizePolicyWeight=90 -Dsun.zip.disableMemoryMapping=true -Xmx2G -Xms100m -Xlog:disable -javaagent:c:\Users\admin\.codebuddycn\extensions\redhat.java-1.47.0-win32-x64\lombok\lombok-1.18.39-4050.jar -XX:+HeapDumpOnOutOfMemoryError -XX:HeapDumpPath=c:\Users\admin\AppData\Roaming\CodeBuddy CN\User\workspaceStorage\2a374903c1fcc9d2189028a02cecf0e6\redhat.java -Daether.dependencyCollector.impl=bf 
java_command: c:\Users\admin\.codebuddycn\extensions\redhat.java-1.47.0-win32-x64\server\plugins\org.eclipse.equinox.launcher_1.7.100.v20251014-1222.jar -configuration c:\Users\admin\AppData\Roaming\CodeBuddy CN\User\globalStorage\redhat.java\1.47.0\config_win -data c:\Users\admin\AppData\Roaming\CodeBuddy CN\User\workspaceStorage\2a374903c1fcc9d2189028a02cecf0e6\redhat.java\jdt_ws --pipe=\\.\pipe\lsp-01493b9984115b0c442da805738a3f8f-sock
java_class_path (initial): c:\Users\admin\.codebuddycn\extensions\redhat.java-1.47.0-win32-x64\server\plugins\org.eclipse.equinox.launcher_1.7.100.v20251014-1222.jar
Launcher Type: SUN_STANDARD

[Global flags]
    uintx AdaptiveSizePolicyWeight                 = 90                                        {product} {command line}
     intx CICompilerCount                          = 4                                         {product} {ergonomic}
    uintx GCTimeRatio                              = 4                                         {product} {command line}
     bool HeapDumpOnOutOfMemoryError               = true                                   {manageable} {command line}
    ccstr HeapDumpPath                             = c:\Users\admin\AppData\Roaming\CodeBuddy CN\User\workspaceStorage\2a374903c1fcc9d2189028a02cecf0e6\redhat.java         {manageable} {command line}
   size_t InitialHeapSize                          = 104857600                                 {product} {command line}
   size_t MaxHeapSize                              = 2147483648                                {product} {command line}
   size_t MaxNewSize                               = 715653120                                 {product} {ergonomic}
   size_t MinHeapDeltaBytes                        = 524288                                    {product} {ergonomic}
   size_t MinHeapSize                              = 104857600                                 {product} {command line}
   size_t NewSize                                  = 34603008                                  {product} {ergonomic}
    uintx NonNMethodCodeHeapSize                   = 5839372                                {pd product} {ergonomic}
    uintx NonProfiledCodeHeapSize                  = 122909434                              {pd product} {ergonomic}
   size_t OldSize                                  = 70254592                                  {product} {ergonomic}
    uintx ProfiledCodeHeapSize                     = 122909434                              {pd product} {ergonomic}
    uintx ReservedCodeCacheSize                    = 251658240                              {pd product} {ergonomic}
     bool SegmentedCodeCache                       = true                                      {product} {ergonomic}
   size_t SoftMaxHeapSize                          = 2147483648                             {manageable} {ergonomic}
     bool UseCompressedOops                        = true                           {product lp64_product} {ergonomic}
     bool UseLargePagesIndividualAllocation        = false                                  {pd product} {ergonomic}
     bool UseParallelGC                            = true                                      {product} {command line}

Logging:
Log output configuration:
 #0: stdout all=off uptime,level,tags foldmultilines=false
 #1: stderr all=off uptime,level,tags foldmultilines=false

Environment Variables:
JAVA_HOME=C:\Program Files\dragonwell-11.0.28.25+6-GA
PATH=C:\Program Files\dragonwell-11.0.28.25+6-GA\bin;C:\Program Files\dragonwell-11.0.28.25+6-GA\jre\bin;C:\Windows\system32;C:\Windows;C:\Windows\System32\Wbem;C:\Windows\System32\WindowsPowerShell\v1.0\;C:\Windows\System32\OpenSSH\;C:\Program Files\Git\cmd;D:\Program Files\Huawei QuickGameAssistant\bin;C:\Users\admin\AppData\Local\Microsoft\WindowsApps;C:\Windows\System32;;%DevEco Studio%;D:\Users\admin\AppData\Local\Programs\CodeBuddy CN\bin
USERNAME=admin
OS=Windows_NT
PROCESSOR_IDENTIFIER=Intel64 Family 6 Model 140 Stepping 1, GenuineIntel
TMP=C:\Users\admin\AppData\Local\Temp
TEMP=C:\Users\admin\AppData\Local\Temp




Periodic native trim disabled

---------------  S Y S T E M  ---------------

OS:
 Windows 10 , 64 bit Build 19041 (10.0.19041.5915)
OS uptime: 0 days 18:42 hours

CPU: total 8 (initial active 8) (4 cores per cpu, 2 threads per core) family 6 model 140 stepping 1 microcode 0xb8, cx8, cmov, fxsr, ht, mmx, 3dnowpref, sse, sse2, sse3, ssse3, sse4.1, sse4.2, popcnt, lzcnt, tsc, tscinvbit, avx, avx2, aes, erms, clmul, bmi1, bmi2, adx, avx512f, avx512dq, avx512cd, avx512bw, avx512vl, sha, fma, vzeroupper, avx512_vpopcntdq, avx512_vpclmulqdq, avx512_vaes, avx512_vnni, clflush, clflushopt, clwb, avx512_vbmi2, avx512_vbmi, rdtscp, rdpid, fsrm, gfni, avx512_bitalg, f16c, pku, cet_ibt, cet_ss, avx512_ifma
Processor Information for the first 8 processors :
  Max Mhz: 1498, Current Mhz: 1498, Mhz Limit: 1498

Memory: 4k page, system-wide physical 16118M (1157M free)
TotalPageFile size 28812M (AvailPageFile size 5M)
current process WorkingSet (physical memory assigned to process): 276M, peak: 286M
current process commit charge ("private bytes"): 364M, peak: 380M

vm_info: OpenJDK 64-Bit Server VM (21.0.8+9-LTS) for windows-amd64 JRE (21.0.8+9-LTS), built on 2025-07-15T00:00:00Z by "admin" with MS VC++ 17.7 (VS2022)

END.
