#
# There is insufficient memory for the Java Runtime Environment to continue.
# Native memory allocation (mmap) failed to map 264241152 bytes for Failed to commit area from 0x0000000704200000 to 0x0000000713e00000 of length 264241152.
# Possible reasons:
#   The system is out of physical RAM or swap space
#   The process is running with CompressedOops enabled, and the Java Heap may be blocking the growth of the native heap
# Possible solutions:
#   Reduce memory load on the system
#   Increase physical memory or swap space
#   Check if swap backing store is full
#   Decrease Java heap size (-Xmx/-Xms)
#   Decrease number of Java threads
#   Decrease Java thread stack sizes (-Xss)
#   Set larger code cache with -XX:ReservedCodeCacheSize=
# This output file may be truncated or incomplete.
#
#  Out of Memory Error (os_windows.cpp:3392), pid=22580, tid=30588
#
# JRE version:  (11.0.28.25+6) (build )
# Java VM: OpenJDK 64-Bit Server VM (11.0.28.25+6, mixed mode, sharing, tiered, compressed oops, g1 gc, windows-amd64)
# No core dump will be written. Minidumps are not enabled by default on client versions of Windows
#

---------------  S U M M A R Y ------------

Command Line: 

Host: 11th Gen Intel(R) Core(TM) i5-1145G7 @ 2.60GHz, 8 cores, 15G,  Windows 10 , 64 bit Build 19041 (10.0.19041.5915)
Time: Wed Nov 19 09:53:24 2025  Windows 10 , 64 bit Build 19041 (10.0.19041.5915) elapsed time: 0.039170 seconds (0d 0h 0m 0s)

---------------  T H R E A D  ---------------

Current thread (0x000002548d2ac000):  JavaThread "Unknown thread" [_thread_in_vm, id=30588, stack(0x0000007950b00000,0x0000007950c00000)]

Stack: [0x0000007950b00000,0x0000007950c00000]
Native frames: (J=compiled Java code, j=interpreted, Vv=VM code, C=native code)
V  [jvm.dll+0x63758a]
V  [jvm.dll+0x790219]
V  [jvm.dll+0x791908]
V  [jvm.dll+0x791fe3]
V  [jvm.dll+0x2548a8]
V  [jvm.dll+0x6347ca]
V  [jvm.dll+0x628925]
V  [jvm.dll+0x312c1c]
V  [jvm.dll+0x312aa2]
V  [jvm.dll+0x317a16]
V  [jvm.dll+0x35ee0f]
V  [jvm.dll+0x35e840]
V  [jvm.dll+0x2ecefc]
V  [jvm.dll+0x2ee096]
V  [jvm.dll+0x75d647]
V  [jvm.dll+0x75edf2]
V  [jvm.dll+0x36bc19]
V  [jvm.dll+0x73fb41]
V  [jvm.dll+0x3d89af]
V  [jvm.dll+0x3dabc1]
C  [jli.dll+0x5227]
C  [ucrtbase.dll+0x21bb2]
C  [KERNEL32.DLL+0x17374]
C  [ntdll.dll+0x4cc91]


---------------  P R O C E S S  ---------------

Threads class SMR info:
_java_thread_list=0x000002548b7e0e90, length=0, elements={
}

Java Threads: ( => current thread )

Other Threads:
  0x000002548d2c4000 GCTaskThread "GC Thread#0" [stack: 0x0000007950c00000,0x0000007950d00000] [id=30712]
  0x000002548d328800 ConcurrentGCThread "G1 Main Marker" [stack: 0x0000007950d00000,0x0000007950e00000] [id=30684]
  0x000002548d329800 ConcurrentGCThread "G1 Conc#0" [stack: 0x0000007950e00000,0x0000007950f00000] [id=18168]

[error occurred during error reporting (printing all threads), id 0xc0000005, EXCEPTION_ACCESS_VIOLATION (0xc0000005) at pc=0x00007ff878d7bf57]

VM state:not at safepoint (not fully initialized)

VM Mutex/Monitor currently owned by a thread:  ([mutex/lock_event])
[0x000002548d2aa460] Heap_lock - owner thread: 0x000002548d2ac000

Heap address: 0x0000000704200000, size: 4030 MB, Compressed Oops mode: Non-zero based: 0x0000000704200000
Narrow klass base: 0x0000000000000000, Narrow klass shift: 0

GC Heap History (0 events):
No events

Deoptimization events (0 events):
No events

Classes redefined (0 events):
No events

Internal exceptions (0 events):
No events

Events (1 events):
Event: 0.024 Loaded shared library C:\Program Files\dragonwell-11.0.28.25+6-GA\bin\zip.dll


Dynamic libraries:
0x00007ff69b540000 - 0x00007ff69b54d000 	C:\Program Files\dragonwell-11.0.28.25+6-GA\bin\java.exe
0x00007ff8fce10000 - 0x00007ff8fd008000 	C:\Windows\SYSTEM32\ntdll.dll
0x00007ff8fbac0000 - 0x00007ff8fbb82000 	C:\Windows\System32\KERNEL32.DLL
0x00007ff8fa4a0000 - 0x00007ff8fa796000 	C:\Windows\System32\KERNELBASE.dll
0x00007ff8fa7f0000 - 0x00007ff8fa8f0000 	C:\Windows\System32\ucrtbase.dll
0x00007ff8f8bb0000 - 0x00007ff8f8bc5000 	C:\Program Files\dragonwell-11.0.28.25+6-GA\bin\VCRUNTIME140.dll
0x00007ff8f8ab0000 - 0x00007ff8f8ac7000 	C:\Program Files\dragonwell-11.0.28.25+6-GA\bin\jli.dll
0x00007ff8fb4d0000 - 0x00007ff8fb671000 	C:\Windows\System32\USER32.dll
0x00007ff8fa8f0000 - 0x00007ff8fa912000 	C:\Windows\System32\win32u.dll
0x00007ff8fba90000 - 0x00007ff8fbabb000 	C:\Windows\System32\GDI32.dll
0x00007ff8fabb0000 - 0x00007ff8facc9000 	C:\Windows\System32\gdi32full.dll
0x00007ff8fab10000 - 0x00007ff8fabad000 	C:\Windows\System32\msvcp_win.dll
0x00007ff8cd7e0000 - 0x00007ff8cda7b000 	C:\Windows\WinSxS\amd64_microsoft.windows.common-controls_6595b64144ccf1df_6.0.19041.6456_none_60b8a6cb71f64256\COMCTL32.dll
0x00007ff8fc250000 - 0x00007ff8fc2ee000 	C:\Windows\System32\msvcrt.dll
0x00007ff8fbb90000 - 0x00007ff8fbbbf000 	C:\Windows\System32\IMM32.DLL
0x000000005dfd0000 - 0x000000005dfdd000 	C:\Program Files (x86)\360\360Safe\safemon\SafeWrapper.dll
0x00007ff8fb7b0000 - 0x00007ff8fb861000 	C:\Windows\System32\ADVAPI32.dll
0x00007ff8fc4e0000 - 0x00007ff8fc57f000 	C:\Windows\System32\sechost.dll
0x00007ff8fc350000 - 0x00007ff8fc470000 	C:\Windows\System32\RPCRT4.dll
0x00007ff8fad50000 - 0x00007ff8fad77000 	C:\Windows\System32\bcrypt.dll
0x00007ff8f4070000 - 0x00007ff8f4174000 	C:\Program Files (x86)\360\360Safe\safemon\libzdtp64.dll
0x00007ff8fc660000 - 0x00007ff8fcdd0000 	C:\Windows\System32\SHELL32.dll
0x00007ff8fc2f0000 - 0x00007ff8fc34b000 	C:\Windows\System32\SHLWAPI.dll
0x00007ff8f9fb0000 - 0x00007ff8f9fba000 	C:\Windows\SYSTEM32\VERSION.dll
0x00007ff8d7b00000 - 0x00007ff8d7b9b000 	C:\Program Files\dragonwell-11.0.28.25+6-GA\bin\msvcp140.dll
0x00007ff878a80000 - 0x00007ff8795b2000 	C:\Program Files\dragonwell-11.0.28.25+6-GA\bin\server\jvm.dll
0x00007ff8fc470000 - 0x00007ff8fc4db000 	C:\Windows\System32\WS2_32.dll
0x00007ff8fb970000 - 0x00007ff8fb978000 	C:\Windows\System32\PSAPI.DLL
0x00007ff8ecff0000 - 0x00007ff8ed017000 	C:\Windows\SYSTEM32\WINMM.dll
0x00007ff8f8c30000 - 0x00007ff8f8c42000 	C:\Windows\SYSTEM32\kernel.appcore.dll
0x00007ff8f8b40000 - 0x00007ff8f8b50000 	C:\Program Files\dragonwell-11.0.28.25+6-GA\bin\verify.dll
0x00007ff8f7c70000 - 0x00007ff8f7e71000 	C:\Windows\SYSTEM32\DBGHELP.DLL
0x00007ff8d2610000 - 0x00007ff8d2644000 	C:\Windows\SYSTEM32\dbgcore.DLL
0x00007ff8faa80000 - 0x00007ff8fab02000 	C:\Windows\System32\bcryptPrimitives.dll
0x00007ff8e4f10000 - 0x00007ff8e4f38000 	C:\Program Files\dragonwell-11.0.28.25+6-GA\bin\java.dll
0x00007ff8f8b10000 - 0x00007ff8f8b1a000 	C:\Program Files\dragonwell-11.0.28.25+6-GA\bin\jimage.dll
0x00007ff8f3c20000 - 0x00007ff8f3c38000 	C:\Program Files\dragonwell-11.0.28.25+6-GA\bin\zip.dll

dbghelp: loaded successfully - version: 4.0.5 - missing functions: none
symbol engine: initialized successfully - sym options: 0x614 - pdb path: .;C:\Program Files\dragonwell-11.0.28.25+6-GA\bin;C:\Windows\SYSTEM32;C:\Windows\WinSxS\amd64_microsoft.windows.common-controls_6595b64144ccf1df_6.0.19041.6456_none_60b8a6cb71f64256;C:\Program Files (x86)\360\360Safe\safemon;C:\Program Files\dragonwell-11.0.28.25+6-GA\bin\server

VM Arguments:
java_command: <unknown>
java_class_path (initial): <not set>
Launcher Type: SUN_STANDARD

[Global flags]
     intx CICompilerCount                          = 4                                         {product} {ergonomic}
     uint ConcGCThreads                            = 2                                         {product} {ergonomic}
     uint G1ConcRefinementThreads                  = 8                                         {product} {ergonomic}
   size_t G1HeapRegionSize                         = 1048576                                   {product} {ergonomic}
    uintx GCDrainStackTargetSize                   = 64                                        {product} {ergonomic}
   size_t InitialHeapSize                          = 264241152                                 {product} {ergonomic}
   size_t MarkStackSize                            = 4194304                                   {product} {ergonomic}
   size_t MaxHeapSize                              = 4225761280                                {product} {ergonomic}
   size_t MinHeapDeltaBytes                        = 1048576                                   {product} {ergonomic}
    uintx NonNMethodCodeHeapSize                   = 5839372                                {pd product} {ergonomic}
    uintx NonProfiledCodeHeapSize                  = 122909434                              {pd product} {ergonomic}
    uintx ProfiledCodeHeapSize                     = 122909434                              {pd product} {ergonomic}
    uintx ReservedCodeCacheSize                    = 251658240                              {pd product} {ergonomic}
     bool SegmentedCodeCache                       = true                                      {product} {ergonomic}
     bool UseCompressedClassPointers               = true                                 {lp64_product} {ergonomic}
     bool UseCompressedOops                        = true                                 {lp64_product} {ergonomic}
     bool UseG1GC                                  = true                                      {product} {ergonomic}
     bool UseLargePagesIndividualAllocation        = false                                  {pd product} {ergonomic}

Logging:
Log output configuration:
 #0: stdout all=warning uptime,level,tags
 #1: stderr all=off uptime,level,tags

Environment Variables:
JAVA_HOME=C:\Program Files\dragonwell-11.0.28.25+6-GA
PATH=C:\Program Files\dragonwell-11.0.28.25+6-GA\bin;C:\Program Files\dragonwell-11.0.28.25+6-GA\jre\bin;C:\Windows\system32;C:\Windows;C:\Windows\System32\Wbem;C:\Windows\System32\WindowsPowerShell\v1.0\;C:\Windows\System32\OpenSSH\;C:\Program Files\Git\cmd;D:\Program Files\Huawei QuickGameAssistant\bin;C:\Users\admin\AppData\Local\Microsoft\WindowsApps;C:\Windows\System32;;%DevEco Studio%;D:\Users\admin\AppData\Local\Programs\CodeBuddy CN\bin;c:\Users\admin\.codebuddycn\extensions\vscjava.vscode-java-debug-0.58.3-universal\bundled\scripts\noConfigScripts
USERNAME=admin
LANG=zh_CN.UTF-8
OS=Windows_NT
PROCESSOR_IDENTIFIER=Intel64 Family 6 Model 140 Stepping 1, GenuineIntel
TMP=C:\Users\admin\AppData\Local\Temp
TEMP=C:\Users\admin\AppData\Local\Temp



---------------  S Y S T E M  ---------------

OS: Windows 10 , 64 bit Build 19041 (10.0.19041.5915)
OS uptime: 0 days 18:29 hours

CPU:total 8 (initial active 8) (4 cores per cpu, 2 threads per core) family 6 model 140 stepping 1 microcode 0xb8, cmov, cx8, fxsr, mmx, sse, sse2, sse3, ssse3, sse4.1, sse4.2, popcnt, avx, avx2, aes, clmul, erms, 3dnowpref, lzcnt, ht, tsc, tscinvbit, bmi1, bmi2, adx, evex, sha, fma

Memory: 4k page, system-wide physical 16118M (648M free)
TotalPageFile size 28812M (AvailPageFile size 184M)
current process WorkingSet (physical memory assigned to process): 12M, peak: 12M
current process commit charge ("private bytes"): 61M, peak: 313M

vm_info: OpenJDK 64-Bit Server VM (11.0.28.25+6) for windows-amd64 JRE (11.0.28.25+6), built on Sep 16 2025 14:43:54 by "Administrator" with MS VC++ 15.9 (VS2017)

END.
